#
# There is insufficient memory for the Java Runtime Environment to continue.
# Native memory allocation (malloc) failed to allocate 1048576 bytes for AllocateHeap
# Possible reasons:
#   The system is out of physical RAM or swap space
#   In 32 bit mode, the process size limit was hit
# Possible solutions:
#   Reduce memory load on the system
#   Increase physical memory or swap space
#   Check if swap backing store is full
#   Use 64 bit Java on a 64 bit OS
#   Decrease Java heap size (-Xmx/-Xms)
#   Decrease number of Java threads
#   Decrease Java thread stack sizes (-Xss)
#   Set larger code cache with -XX:ReservedCodeCacheSize=
# This output file may be truncated or incomplete.
#
#  Out of Memory Error (memory/allocation.inline.hpp:61), pid=8852, tid=7156
#
# JRE version:  (8.0_73-b02) (build )
# Java VM: Java HotSpot(TM) 64-Bit Server VM (25.73-b02 mixed mode windows-amd64 compressed oops)
# Failed to write core dump. Minidumps are not enabled by default on client versions of Windows
#

---------------  T H R E A D  ---------------

Current thread (0x00000000022d0800):  JavaThread "Unknown thread" [_thread_in_vm, id=7156, stack(0x00000000021d0000,0x00000000022d0000)]

Stack: [0x00000000021d0000,0x00000000022d0000]
[error occurred during error reporting (printing stack bounds), id 0xc0000005]

Native frames: (J=compiled Java code, j=interpreted, Vv=VM code, C=native code)


---------------  P R O C E S S  ---------------

Java Threads: ( => current thread )

Other Threads:

=>0x00000000022d0800 (exited) JavaThread "Unknown thread" [_thread_in_vm, id=7156, stack(0x00000000021d0000,0x00000000022d0000)]

VM state:not at safepoint (normal execution)

VM Mutex/Monitor currently owned by a thread: None

Heap:
 PSYoungGen      total 38400K, used 665K [0x00000000eab00000, 0x00000000ed580000, 0x0000000100000000)
  eden space 33280K, 2% used [0x00000000eab00000,0x00000000eaba6670,0x00000000ecb80000)
  from space 5120K, 0% used [0x00000000ed080000,0x00000000ed080000,0x00000000ed580000)
  to   space 5120K, 0% used [0x00000000ecb80000,0x00000000ecb80000,0x00000000ed080000)
 ParOldGen       total 87552K, used 0K [0x00000000c0000000, 0x00000000c5580000, 0x00000000eab00000)
  object space 87552K, 0% used [0x00000000c0000000,0x00000000c0000000,0x00000000c5580000)
 Metaspace       used 769K, capacity 4480K, committed 4480K, reserved 1056768K
  class space    used 75K, capacity 384K, committed 384K, reserved 1048576K

Card table byte_map: [0x0000000002790000,0x00000000029a0000] byte_map_base: 0x0000000002190000

Marking Bits: (ParMarkBitMap*) 0x0000000077580600
 Begin Bits: [0x0000000003300000, 0x0000000004300000)
 End Bits:   [0x0000000004300000, 0x0000000005300000)

Polling page: 0x00000000006d0000

CodeCache: size=245760Kb used=328Kb max_used=328Kb free=245431Kb
 bounds [0x000000000f010000, 0x000000000f280000, 0x000000001e010000]
 total_blobs=57 nmethods=0 adapters=37
 compilation: enabled

Compilation events (0 events):
No events

GC Heap History (0 events):
No events

Deoptimization events (0 events):
No events

Internal exceptions (0 events):
No events

Events (10 events):
Event: 0.049 loading class java/lang/Short
Event: 0.050 loading class java/lang/Short done
Event: 0.050 loading class java/lang/Integer
Event: 0.050 loading class java/lang/Integer done
Event: 0.050 loading class java/lang/Long
Event: 0.050 loading class java/lang/Long done
Event: 0.051 loading class java/lang/NullPointerException
Event: 0.051 loading class java/lang/NullPointerException done
Event: 0.051 loading class java/lang/ArithmeticException
Event: 0.051 loading class java/lang/ArithmeticException done


Dynamic libraries:
0x00007ff6f3ce0000 - 0x00007ff6f3d17000 	C:\Program Files\Java\jdk1.8.0_73\bin\java.exe
0x00007ffa8abf0000 - 0x00007ffa8ad9d000 	C:\Windows\SYSTEM32\ntdll.dll
0x00007ffa88750000 - 0x00007ffa8888e000 	C:\Windows\system32\KERNEL32.DLL
0x00007ffa87f70000 - 0x00007ffa88085000 	C:\Windows\system32\KERNELBASE.dll
0x00007ffa86890000 - 0x00007ffa8691e000 	C:\Windows\system32\apphelp.dll
0x00007ffa78340000 - 0x00007ffa78393000 	C:\Windows\AppPatch\AppPatch64\AcGenral.DLL
0x00007ffa88520000 - 0x00007ffa885ca000 	C:\Windows\system32\msvcrt.dll
0x00007ffa87ab0000 - 0x00007ffa87ade000 	C:\Windows\SYSTEM32\SspiCli.dll
0x00007ffa88940000 - 0x00007ffa88994000 	C:\Windows\system32\SHLWAPI.dll
0x00007ffa885d0000 - 0x00007ffa88747000 	C:\Windows\system32\USER32.dll
0x00007ffa8a670000 - 0x00007ffa8a804000 	C:\Windows\system32\ole32.dll
0x00007ffa88d80000 - 0x00007ffa8a2aa000 	C:\Windows\system32\SHELL32.dll
0x00007ffa87280000 - 0x00007ffa872a1000 	C:\Windows\SYSTEM32\USERENV.dll
0x00007ffa8a380000 - 0x00007ffa8a42a000 	C:\Windows\system32\ADVAPI32.dll
0x00007ffa7fde0000 - 0x00007ffa7fdfe000 	C:\Windows\SYSTEM32\MPR.dll
0x00007ffa8a430000 - 0x00007ffa8a571000 	C:\Windows\system32\RPCRT4.dll
0x00007ffa8ab80000 - 0x00007ffa8abd9000 	C:\Windows\SYSTEM32\sechost.dll
0x00007ffa88b50000 - 0x00007ffa88d61000 	C:\Windows\SYSTEM32\combase.dll
0x00007ffa88270000 - 0x00007ffa883c0000 	C:\Windows\system32\GDI32.dll
0x00007ffa87d40000 - 0x00007ffa87d55000 	C:\Windows\SYSTEM32\profapi.dll
0x00007ffa867b0000 - 0x00007ffa86862000 	C:\Windows\SYSTEM32\SHCORE.dll
0x00007ffa88900000 - 0x00007ffa88936000 	C:\Windows\system32\IMM32.DLL
0x00007ffa883c0000 - 0x00007ffa88512000 	C:\Windows\system32\MSCTF.dll
0x00007ffa87cf0000 - 0x00007ffa87d21000 	C:\Windows\system32\nvinitx.dll
0x00007ffa87ce0000 - 0x00007ffa87cea000 	C:\Windows\SYSTEM32\VERSION.dll
0x000000000f000000 - 0x000000000f006000 	C:\Program Files\NVIDIA Corporation\CoProcManager\_etoured.dll
0x00007ffa85d80000 - 0x00007ffa85db1000 	C:\Program Files\NVIDIA Corporation\CoProcManager\nvd3d9wrapx.dll
0x00007ffa8a9a0000 - 0x00007ffa8ab7a000 	C:\Windows\system32\SETUPAPI.dll
0x00007ffa87ec0000 - 0x00007ffa87f0f000 	C:\Windows\system32\CFGMGR32.dll
0x00007ffa85d50000 - 0x00007ffa85d72000 	C:\Program Files\NVIDIA Corporation\CoProcManager\nvdxgiwrapx.dll
0x00007ffa85dc0000 - 0x00007ffa8603b000 	C:\Windows\WinSxS\amd64_microsoft.windows.common-controls_6595b64144ccf1df_6.0.9600.18006_none_623f33d3ecbe86e8\COMCTL32.dll
0x0000000076320000 - 0x00000000763f2000 	C:\Program Files\Java\jdk1.8.0_73\jre\bin\msvcr100.dll
0x0000000076d70000 - 0x0000000077600000 	C:\Program Files\Java\jdk1.8.0_73\jre\bin\server\jvm.dll
0x00007ffa80a30000 - 0x00007ffa80a39000 	C:\Windows\SYSTEM32\WSOCK32.dll
0x00007ffa85660000 - 0x00007ffa85682000 	C:\Windows\SYSTEM32\WINMM.dll
0x00007ffa8abe0000 - 0x00007ffa8abe7000 	C:\Windows\system32\PSAPI.DLL
0x00007ffa8a940000 - 0x00007ffa8a99a000 	C:\Windows\system32\WS2_32.dll
0x00007ffa85040000 - 0x00007ffa8506a000 	C:\Windows\SYSTEM32\WINMMBASE.dll
0x00007ffa88d70000 - 0x00007ffa88d79000 	C:\Windows\system32\NSI.dll
0x00007ffa86ae0000 - 0x00007ffa86b08000 	C:\Windows\SYSTEM32\DEVOBJ.dll
0x0000000050b20000 - 0x0000000050b2f000 	C:\Program Files\Java\jdk1.8.0_73\jre\bin\verify.dll
0x0000000050af0000 - 0x0000000050b19000 	C:\Program Files\Java\jdk1.8.0_73\jre\bin\java.dll
0x0000000050ad0000 - 0x0000000050ae6000 	C:\Program Files\Java\jdk1.8.0_73\jre\bin\zip.dll

VM Arguments:
jvm_args: -Djava.awt.headless=true -Xmx1024M -Dfile.encoding=windows-1252 -Duser.country=US -Duser.language=en -Duser.variant 
java_command: com.android.dx.command.Main --dex --num-threads=4 --output D:\AndroidFolder\Poker\app\build\intermediates\pre-dexed\debug\com.android.support-support-vector-drawable-23.2.1_b704fc36094ece2c8735c79516a37085ac3c7354.jar D:\AndroidFolder\Poker\app\build\intermediates\exploded-aar\com.android.support\support-vector-drawable\23.2.1\jars\classes.jar
java_class_path (initial): C:\Users\Chav\AppData\Local\Android\sdk1\build-tools\23.0.2\lib\dx.jar
Launcher Type: SUN_STANDARD

Environment Variables:
PATH=C:\Program Files (x86)\NVIDIA Corporation\PhysX\Common;C:\ProgramData\Oracle\Java\javapath;C:\Windows\system32;C:\Windows;C:\Windows\System32\Wbem;C:\Windows\System32\WindowsPowerShell\v1.0\;C:\Program Files\Git\cmd;C:\Program Files\Git\mingw64\bin;C:\Program Files\Git\usr\bin;C:\Program Files (x86)\Intel\OpenCL SDK\2.0\bin\x86;C:\Program Files (x86)\Intel\OpenCL SDK\2.0\bin\x64;C:\Program Files (x86)\Skype\Phone\;C:\Program Files\Java\jdk1.8.0_73\bin
USERNAME=Chav
OS=Windows_NT
PROCESSOR_IDENTIFIER=Intel64 Family 6 Model 42 Stepping 7, GenuineIntel



---------------  S Y S T E M  ---------------

OS: Windows 8.1 , 64 bit Build 9600 (6.3.9600.17415)

CPU:total 8 (4 cores per cpu, 2 threads per core) family 6 model 42 stepping 7, cmov, cx8, fxsr, mmx, sse, sse2, sse3, ssse3, sse4.1, sse4.2, popcnt, avx, aes, clmul, ht, tsc, tscinvbit

Memory: 4k page, physical 8297152k(1251048k free), swap 12992192k(5524k free)

vm_info: Java HotSpot(TM) 64-Bit Server VM (25.73-b02) for windows-amd64 JRE (1.8.0_73-b02), built on Jan 29 2016 17:38:49 by "java_re" with MS VC++ 10.0 (VS2010)

time: Sun Mar 27 13:17:28 2016
elapsed time: 0 seconds (0d 0h 0m 0s)

